Using pre-set license
Built from '2020.2/release' branch; Version is '2020.2.1f1 (270dd8c3da1c) revision 2559448'; Using compiler version '192528614'; Build Type 'Release'
OS: 'Windows 10  (10.0.0) 64bit' Language: 'ja' Physical Memory: 3928 MB
BatchMode: 1, IsHumanControllingUs: 0, StartBugReporterOnCrash: 0, Is64bit: 1, IsPro: 0

 COMMAND LINE ARGUMENTS:
C:\Program Files\Unity\Hub\Editor\2020.2.1f1\Editor\Unity.exe
-adb2
-batchMode
-noUpm
-name
AssetImportWorker0
-projectPath
C:/Users/abarabone/Desktop/vsgithub/bane
-logFile
Logs/AssetImportWorker0.log
-srvPort
54610
Successfully changed project path to: C:/Users/abarabone/Desktop/vsgithub/bane
C:/Users/abarabone/Desktop/vsgithub/bane
Using Asset Import Pipeline V2.
Refreshing native plugins compatible for Editor in 113.29 ms, found 0 plugins.
Preloading 0 native plugins for Editor in 0.00 ms.
Initialize engine version: 2020.2.1f1 (270dd8c3da1c)
[Subsystems] Discovering subsystems at path C:/Program Files/Unity/Hub/Editor/2020.2.1f1/Editor/Data/Resources/UnitySubsystems
[Subsystems] Discovering subsystems at path C:/Users/abarabone/Desktop/vsgithub/bane/Assets
GfxDevice: creating device client; threaded=0
Direct3D:
    Version:  Direct3D 11.0 [level 11.1]
    Renderer: Intel(R) HD Graphics 500 (ID=0x5a85)
    Vendor:   
    VRAM:     1964 MB
    Driver:   27.20.100.7989
Initialize mono
Mono path[0] = 'C:/Program Files/Unity/Hub/Editor/2020.2.1f1/Editor/Data/Managed'
Mono path[1] = 'C:/Program Files/Unity/Hub/Editor/2020.2.1f1/Editor/Data/MonoBleedingEdge/lib/mono/unityjit'
Mono config path = 'C:/Program Files/Unity/Hub/Editor/2020.2.1f1/Editor/Data/MonoBleedingEdge/etc'
Using monoOptions --debugger-agent=transport=dt_socket,embedding=1,server=y,suspend=n,address=127.0.0.1:56636
Begin MonoManager ReloadAssembly
Registering precompiled unity dll's ...
Register platform support module: C:/Program Files/Unity/Hub/Editor/2020.2.1f1/Editor/Data/PlaybackEngines/WindowsStandaloneSupport/UnityEditor.WindowsStandalone.Extensions.dll
Registered in 0.012969 seconds.
Native extension for WindowsStandalone target not found
Refreshing native plugins compatible for Editor in 111.52 ms, found 0 plugins.
Preloading 0 native plugins for Editor in 0.00 ms.
Invoked RoslynAnalysisRunner static constructor.
RoslynAnalysisRunner will not be running.
RoslynAnalysisRunner has terminated.
Mono: successfully reloaded assembly
- Completed reload, in 12.313 seconds
Platform modules already initialized, skipping
Registering precompiled user dll's ...
Registered in 0.016632 seconds.
Begin MonoManager ReloadAssembly
Native extension for WindowsStandalone target not found
Refreshing native plugins compatible for Editor in 0.64 ms, found 0 plugins.
Preloading 0 native plugins for Editor in 0.00 ms.
Invoked RoslynAnalysisRunner static constructor.
RoslynAnalysisRunner will not be running.
RoslynAnalysisRunner has terminated.
Mono: successfully reloaded assembly
- Completed reload, in  6.153 seconds
Platform modules already initialized, skipping
========================================================================
Worker process is ready to serve import requests
Launched and connected shader compiler UnityShaderCompiler.exe after 0.15 seconds
Refreshing native plugins compatible for Editor in 0.61 ms, found 0 plugins.
Preloading 0 native plugins for Editor in 0.00 ms.
Unloading 1095 Unused Serialized files (Serialized files now loaded: 0)
System memory in use before: 58.7 MB.
System memory in use after: 58.7 MB.

Unloading 10 unused Assets to reduce memory usage. Loaded Objects now: 1534.
Total: 6.276600 ms (FindLiveObjects: 0.617800 ms CreateObjectMapping: 0.287000 ms MarkObjects: 5.053700 ms  DeleteObjects: 0.312000 ms)

========================================================================
Received Import Request.
  path: Assets/Bane.cs
  artifactKey: Guid(63cdfc5f119e0be4aaf339bb5d360f54) Importer(815301076,1909f56bfc062723c751e8b465ee728b)
Start importing Assets/Bane.cs using Guid(63cdfc5f119e0be4aaf339bb5d360f54) Importer(815301076,1909f56bfc062723c751e8b465ee728b)  -> (artifact id: 'd2e1736534976c9cd21f369fd18ec777') in 0.188612 seconds
  Import took 0.194530 seconds .

========================================================================
Received Prepare
Registering precompiled user dll's ...
Registered in 0.004846 seconds.
Begin MonoManager ReloadAssembly
Native extension for WindowsStandalone target not found
Refreshing native plugins compatible for Editor in 0.78 ms, found 0 plugins.
Preloading 0 native plugins for Editor in 0.00 ms.
Invoked RoslynAnalysisRunner static constructor.
RoslynAnalysisRunner will not be running.
RoslynAnalysisRunner has terminated.
Mono: successfully reloaded assembly
- Completed reload, in  6.214 seconds
Platform modules already initialized, skipping
Refreshing native plugins compatible for Editor in 0.69 ms, found 0 plugins.
Preloading 0 native plugins for Editor in 0.00 ms.
Unloading 1090 Unused Serialized files (Serialized files now loaded: 0)
System memory in use before: 58.7 MB.
System memory in use after: 58.8 MB.

Unloading 5 unused Assets to reduce memory usage. Loaded Objects now: 1536.
Total: 7.042800 ms (FindLiveObjects: 0.473800 ms CreateObjectMapping: 0.133200 ms MarkObjects: 6.266300 ms  DeleteObjects: 0.164500 ms)

========================================================================
Received Prepare
Registering precompiled user dll's ...
Registered in 0.007170 seconds.
Begin MonoManager ReloadAssembly
Native extension for WindowsStandalone target not found
Refreshing native plugins compatible for Editor in 0.73 ms, found 0 plugins.
Preloading 0 native plugins for Editor in 0.00 ms.
Invoked RoslynAnalysisRunner static constructor.
RoslynAnalysisRunner will not be running.
RoslynAnalysisRunner has terminated.
Mono: successfully reloaded assembly
- Completed reload, in  3.739 seconds
Platform modules already initialized, skipping
Refreshing native plugins compatible for Editor in 0.66 ms, found 0 plugins.
Preloading 0 native plugins for Editor in 0.00 ms.
Unloading 1090 Unused Serialized files (Serialized files now loaded: 0)
System memory in use before: 58.8 MB.
System memory in use after: 58.9 MB.

Unloading 5 unused Assets to reduce memory usage. Loaded Objects now: 1538.
Total: 15.556600 ms (FindLiveObjects: 1.033000 ms CreateObjectMapping: 0.214000 ms MarkObjects: 13.015500 ms  DeleteObjects: 1.288200 ms)

========================================================================
Received Import Request.
  Time since last request: 12116.902030 seconds.
  path: Assets/Point.cs
  artifactKey: Guid(72de2f512e43a9345950ee9a3e463cf1) Importer(815301076,1909f56bfc062723c751e8b465ee728b)
Start importing Assets/Point.cs using Guid(72de2f512e43a9345950ee9a3e463cf1) Importer(815301076,1909f56bfc062723c751e8b465ee728b)  -> (artifact id: '55d1cdbb5acac82591c2b7733972acc5') in 0.103287 seconds
  Import took 0.193826 seconds .

========================================================================
Received Prepare
Registering precompiled user dll's ...
Registered in 0.018618 seconds.
Begin MonoManager ReloadAssembly
Native extension for WindowsStandalone target not found
Refreshing native plugins compatible for Editor in 0.66 ms, found 0 plugins.
Preloading 0 native plugins for Editor in 0.00 ms.
Invoked RoslynAnalysisRunner static constructor.
RoslynAnalysisRunner will not be running.
RoslynAnalysisRunner has terminated.
Mono: successfully reloaded assembly
- Completed reload, in  3.783 seconds
Platform modules already initialized, skipping
Refreshing native plugins compatible for Editor in 0.75 ms, found 0 plugins.
Preloading 0 native plugins for Editor in 0.00 ms.
Unloading 1091 Unused Serialized files (Serialized files now loaded: 0)
System memory in use before: 58.9 MB.
System memory in use after: 59.0 MB.

Unloading 5 unused Assets to reduce memory usage. Loaded Objects now: 1541.
Total: 4.686000 ms (FindLiveObjects: 0.449100 ms CreateObjectMapping: 0.106500 ms MarkObjects: 4.010800 ms  DeleteObjects: 0.115300 ms)

========================================================================
Received Prepare
Registering precompiled user dll's ...
Registered in 0.003946 seconds.
Begin MonoManager ReloadAssembly
Native extension for WindowsStandalone target not found
Refreshing native plugins compatible for Editor in 0.66 ms, found 0 plugins.
Preloading 0 native plugins for Editor in 0.00 ms.
Invoked RoslynAnalysisRunner static constructor.
RoslynAnalysisRunner will not be running.
RoslynAnalysisRunner has terminated.
Mono: successfully reloaded assembly
- Completed reload, in  2.916 seconds
Platform modules already initialized, skipping
Refreshing native plugins compatible for Editor in 0.65 ms, found 0 plugins.
Preloading 0 native plugins for Editor in 0.00 ms.
Unloading 1091 Unused Serialized files (Serialized files now loaded: 0)
System memory in use before: 59.0 MB.
System memory in use after: 59.0 MB.

Unloading 5 unused Assets to reduce memory usage. Loaded Objects now: 1543.
Total: 4.818300 ms (FindLiveObjects: 0.457200 ms CreateObjectMapping: 0.138200 ms MarkObjects: 4.100200 ms  DeleteObjects: 0.118500 ms)

========================================================================
Received Import Request.
  Time since last request: 1551.530248 seconds.
  path: Assets/Point.cs
  artifactKey: Guid(72de2f512e43a9345950ee9a3e463cf1) Importer(815301076,1909f56bfc062723c751e8b465ee728b)
Start importing Assets/Point.cs using Guid(72de2f512e43a9345950ee9a3e463cf1) Importer(815301076,1909f56bfc062723c751e8b465ee728b)  -> (artifact id: '89d6fa6bbaa1baf9c8329ffc903267cc') in 0.013317 seconds
  Import took 0.019195 seconds .

========================================================================
Received Import Request.
  Time since last request: 4925.758321 seconds.
  path: Assets/Bane.cs
  artifactKey: Guid(63cdfc5f119e0be4aaf339bb5d360f54) Importer(815301076,1909f56bfc062723c751e8b465ee728b)
Start importing Assets/Bane.cs using Guid(63cdfc5f119e0be4aaf339bb5d360f54) Importer(815301076,1909f56bfc062723c751e8b465ee728b)  -> (artifact id: 'a4fc273b9519e3e81ffce41bfa691386') in 0.035317 seconds
  Import took 0.116396 seconds .

========================================================================
Received Prepare
Registering precompiled user dll's ...
Registered in 0.008860 seconds.
Begin MonoManager ReloadAssembly
Native extension for WindowsStandalone target not found
Refreshing native plugins compatible for Editor in 0.78 ms, found 0 plugins.
Preloading 0 native plugins for Editor in 0.00 ms.
Invoked RoslynAnalysisRunner static constructor.
RoslynAnalysisRunner will not be running.
RoslynAnalysisRunner has terminated.
Mono: successfully reloaded assembly
- Completed reload, in  5.846 seconds
Platform modules already initialized, skipping
Refreshing native plugins compatible for Editor in 0.63 ms, found 0 plugins.
Preloading 0 native plugins for Editor in 0.00 ms.
Unloading 1091 Unused Serialized files (Serialized files now loaded: 0)
System memory in use before: 59.0 MB.
System memory in use after: 59.1 MB.

Unloading 5 unused Assets to reduce memory usage. Loaded Objects now: 1545.
Total: 21.721300 ms (FindLiveObjects: 1.248400 ms CreateObjectMapping: 0.948800 ms MarkObjects: 18.566000 ms  DeleteObjects: 0.952200 ms)

========================================================================
Received Import Request.
  Time since last request: 10564.328184 seconds.
  path: Assets/Bane.cs
  artifactKey: Guid(63cdfc5f119e0be4aaf339bb5d360f54) Importer(815301076,1909f56bfc062723c751e8b465ee728b)
Start importing Assets/Bane.cs using Guid(63cdfc5f119e0be4aaf339bb5d360f54) Importer(815301076,1909f56bfc062723c751e8b465ee728b)  -> (artifact id: 'd586724ad6694f5b3a3dd65a93c6e093') in 0.024859 seconds
  Import took 0.033000 seconds .

========================================================================
Received Prepare
Registering precompiled user dll's ...
Registered in 0.004148 seconds.
Begin MonoManager ReloadAssembly
Native extension for WindowsStandalone target not found
Refreshing native plugins compatible for Editor in 0.66 ms, found 0 plugins.
Preloading 0 native plugins for Editor in 0.00 ms.
Invoked RoslynAnalysisRunner static constructor.
RoslynAnalysisRunner will not be running.
RoslynAnalysisRunner has terminated.
Mono: successfully reloaded assembly
- Completed reload, in  2.971 seconds
Platform modules already initialized, skipping
Refreshing native plugins compatible for Editor in 0.64 ms, found 0 plugins.
Preloading 0 native plugins for Editor in 0.00 ms.
Unloading 1091 Unused Serialized files (Serialized files now loaded: 0)
System memory in use before: 59.2 MB.
System memory in use after: 59.2 MB.

Unloading 5 unused Assets to reduce memory usage. Loaded Objects now: 1547.
Total: 5.095300 ms (FindLiveObjects: 0.465700 ms CreateObjectMapping: 0.318700 ms MarkObjects: 4.023200 ms  DeleteObjects: 0.283000 ms)

========================================================================
Received Prepare
Registering precompiled user dll's ...
Registered in 0.006161 seconds.
Begin MonoManager ReloadAssembly
Native extension for WindowsStandalone target not found
Refreshing native plugins compatible for Editor in 4.75 ms, found 0 plugins.
Preloading 0 native plugins for Editor in 0.00 ms.
Invoked RoslynAnalysisRunner static constructor.
RoslynAnalysisRunner will not be running.
RoslynAnalysisRunner has terminated.
Mono: successfully reloaded assembly
- Completed reload, in 11.627 seconds
Platform modules already initialized, skipping
Refreshing native plugins compatible for Editor in 0.64 ms, found 0 plugins.
Preloading 0 native plugins for Editor in 0.00 ms.
Unloading 1091 Unused Serialized files (Serialized files now loaded: 0)
System memory in use before: 59.2 MB.
System memory in use after: 59.3 MB.

Unloading 5 unused Assets to reduce memory usage. Loaded Objects now: 1549.
Total: 6.053400 ms (FindLiveObjects: 0.517000 ms CreateObjectMapping: 0.341900 ms MarkObjects: 5.050800 ms  DeleteObjects: 0.137900 ms)

========================================================================
Received Prepare
Registering precompiled user dll's ...
Registered in 0.003637 seconds.
Begin MonoManager ReloadAssembly
Native extension for WindowsStandalone target not found
Refreshing native plugins compatible for Editor in 0.93 ms, found 0 plugins.
Preloading 0 native plugins for Editor in 0.00 ms.
Invoked RoslynAnalysisRunner static constructor.
RoslynAnalysisRunner will not be running.
RoslynAnalysisRunner has terminated.
Mono: successfully reloaded assembly
- Completed reload, in  2.924 seconds
Platform modules already initialized, skipping
Refreshing native plugins compatible for Editor in 1.33 ms, found 0 plugins.
Preloading 0 native plugins for Editor in 0.00 ms.
Unloading 1091 Unused Serialized files (Serialized files now loaded: 0)
System memory in use before: 59.3 MB.
System memory in use after: 59.4 MB.

Unloading 5 unused Assets to reduce memory usage. Loaded Objects now: 1551.
Total: 5.268800 ms (FindLiveObjects: 0.546800 ms CreateObjectMapping: 0.215300 ms MarkObjects: 4.374500 ms  DeleteObjects: 0.126300 ms)

========================================================================
Received Prepare
Registering precompiled user dll's ...
Registered in 0.005101 seconds.
Begin MonoManager ReloadAssembly
Native extension for WindowsStandalone target not found
Refreshing native plugins compatible for Editor in 0.73 ms, found 0 plugins.
Preloading 0 native plugins for Editor in 0.00 ms.
Invoked RoslynAnalysisRunner static constructor.
RoslynAnalysisRunner will not be running.
RoslynAnalysisRunner has terminated.
Mono: successfully reloaded assembly
- Completed reload, in  3.473 seconds
Platform modules already initialized, skipping
Refreshing native plugins compatible for Editor in 0.64 ms, found 0 plugins.
Preloading 0 native plugins for Editor in 0.00 ms.
Unloading 1091 Unused Serialized files (Serialized files now loaded: 0)
System memory in use before: 59.4 MB.
System memory in use after: 59.5 MB.

Unloading 5 unused Assets to reduce memory usage. Loaded Objects now: 1553.
Total: 13.905100 ms (FindLiveObjects: 1.346700 ms CreateObjectMapping: 0.256800 ms MarkObjects: 11.524800 ms  DeleteObjects: 0.771000 ms)

========================================================================
Received Import Request.
  Time since last request: 1611.353007 seconds.
  path: Assets/point.prefab
  artifactKey: Guid(68146c4c52c695844b32e32494b671fb) Importer(815301076,1909f56bfc062723c751e8b465ee728b)
Start importing Assets/point.prefab using Guid(68146c4c52c695844b32e32494b671fb) Importer(815301076,1909f56bfc062723c751e8b465ee728b)  -> (artifact id: 'ddd3b06fff73273f71538f0384398227') in 0.794806 seconds
  Import took 0.804205 seconds .

========================================================================
Received Import Request.
  Time since last request: 1.983830 seconds.
  path: Assets/bane.prefab
  artifactKey: Guid(5a07357ff697b844ea4a5fb3b012fe88) Importer(815301076,1909f56bfc062723c751e8b465ee728b)
Start importing Assets/bane.prefab using Guid(5a07357ff697b844ea4a5fb3b012fe88) Importer(815301076,1909f56bfc062723c751e8b465ee728b)  -> (artifact id: 'c8446f230603bc28ae0ef387422bb236') in 0.050133 seconds
  Import took 0.061619 seconds .

========================================================================
Received Import Request.
  Time since last request: 189.090680 seconds.
  path: Assets/Bane.cs
  artifactKey: Guid(63cdfc5f119e0be4aaf339bb5d360f54) Importer(815301076,1909f56bfc062723c751e8b465ee728b)
Start importing Assets/Bane.cs using Guid(63cdfc5f119e0be4aaf339bb5d360f54) Importer(815301076,1909f56bfc062723c751e8b465ee728b)  -> (artifact id: 'e324fbbc4d67528703a70e0f44cf5b66') in 0.009779 seconds
  Import took 0.016390 seconds .

========================================================================
Received Import Request.
  Time since last request: 0.006059 seconds.
  path: Assets/Bane.cs
  artifactKey: Guid(63cdfc5f119e0be4aaf339bb5d360f54) Importer(815301076,1909f56bfc062723c751e8b465ee728b)
Start importing Assets/Bane.cs using Guid(63cdfc5f119e0be4aaf339bb5d360f54) Importer(815301076,1909f56bfc062723c751e8b465ee728b)  -> (artifact id: 'e324fbbc4d67528703a70e0f44cf5b66') in 0.014289 seconds
  Import took 0.018834 seconds .

========================================================================
Received Import Request.
  Time since last request: 6.934087 seconds.
  path: Assets/bane.prefab
  artifactKey: Guid(5a07357ff697b844ea4a5fb3b012fe88) Importer(815301076,1909f56bfc062723c751e8b465ee728b)
Start importing Assets/bane.prefab using Guid(5a07357ff697b844ea4a5fb3b012fe88) Importer(815301076,1909f56bfc062723c751e8b465ee728b)  -> (artifact id: '71f29af4017c7521ae3522a57957e61d') in 0.016983 seconds
  Import took 0.023562 seconds .

========================================================================
Received Import Request.
  Time since last request: 6.275740 seconds.
  path: Assets/bane.prefab
  artifactKey: Guid(5a07357ff697b844ea4a5fb3b012fe88) Importer(815301076,1909f56bfc062723c751e8b465ee728b)
Start importing Assets/bane.prefab using Guid(5a07357ff697b844ea4a5fb3b012fe88) Importer(815301076,1909f56bfc062723c751e8b465ee728b)  -> (artifact id: '3a711610ec723be3a61535b6fd43f2e4') in 0.017998 seconds
  Import took 0.024531 seconds .

========================================================================
Received Prepare
Registering precompiled user dll's ...
Registered in 0.004268 seconds.
Begin MonoManager ReloadAssembly
Native extension for WindowsStandalone target not found
Refreshing native plugins compatible for Editor in 0.66 ms, found 0 plugins.
Preloading 0 native plugins for Editor in 0.00 ms.
Invoked RoslynAnalysisRunner static constructor.
RoslynAnalysisRunner will not be running.
RoslynAnalysisRunner has terminated.
Mono: successfully reloaded assembly
- Completed reload, in  3.526 seconds
Platform modules already initialized, skipping
Refreshing native plugins compatible for Editor in 0.65 ms, found 0 plugins.
Preloading 0 native plugins for Editor in 0.00 ms.
Unloading 1091 Unused Serialized files (Serialized files now loaded: 0)
System memory in use before: 63.0 MB.
System memory in use after: 63.1 MB.

Unloading 6 unused Assets to reduce memory usage. Loaded Objects now: 1565.
Total: 4.797300 ms (FindLiveObjects: 0.449400 ms CreateObjectMapping: 0.105200 ms MarkObjects: 4.097200 ms  DeleteObjects: 0.139200 ms)

========================================================================
Received Prepare
Registering precompiled user dll's ...
Registered in 0.003974 seconds.
Begin MonoManager ReloadAssembly
Native extension for WindowsStandalone target not found
Refreshing native plugins compatible for Editor in 1.22 ms, found 0 plugins.
Preloading 0 native plugins for Editor in 0.00 ms.
Invoked RoslynAnalysisRunner static constructor.
RoslynAnalysisRunner will not be running.
RoslynAnalysisRunner has terminated.
Mono: successfully reloaded assembly
- Completed reload, in  3.493 seconds
Platform modules already initialized, skipping
Refreshing native plugins compatible for Editor in 0.68 ms, found 0 plugins.
Preloading 0 native plugins for Editor in 0.00 ms.
Unloading 1091 Unused Serialized files (Serialized files now loaded: 0)
System memory in use before: 63.1 MB.
System memory in use after: 63.2 MB.

Unloading 5 unused Assets to reduce memory usage. Loaded Objects now: 1567.
Total: 4.724100 ms (FindLiveObjects: 0.497400 ms CreateObjectMapping: 0.109200 ms MarkObjects: 3.993900 ms  DeleteObjects: 0.118700 ms)

========================================================================
Received Prepare
Registering precompiled user dll's ...
Registered in 0.003255 seconds.
Begin MonoManager ReloadAssembly
Native extension for WindowsStandalone target not found
Refreshing native plugins compatible for Editor in 0.65 ms, found 0 plugins.
Preloading 0 native plugins for Editor in 0.00 ms.
Invoked RoslynAnalysisRunner static constructor.
RoslynAnalysisRunner will not be running.
RoslynAnalysisRunner has terminated.
Mono: successfully reloaded assembly
- Completed reload, in  2.964 seconds
Platform modules already initialized, skipping
Refreshing native plugins compatible for Editor in 0.64 ms, found 0 plugins.
Preloading 0 native plugins for Editor in 0.00 ms.
Unloading 1091 Unused Serialized files (Serialized files now loaded: 0)
System memory in use before: 63.2 MB.
System memory in use after: 63.2 MB.

Unloading 5 unused Assets to reduce memory usage. Loaded Objects now: 1569.
Total: 4.875300 ms (FindLiveObjects: 0.458300 ms CreateObjectMapping: 0.117900 ms MarkObjects: 4.169600 ms  DeleteObjects: 0.125200 ms)

========================================================================
Received Prepare
Registering precompiled user dll's ...
Registered in 0.002851 seconds.
Begin MonoManager ReloadAssembly
Native extension for WindowsStandalone target not found
Refreshing native plugins compatible for Editor in 0.68 ms, found 0 plugins.
Preloading 0 native plugins for Editor in 0.00 ms.
Invoked RoslynAnalysisRunner static constructor.
RoslynAnalysisRunner will not be running.
RoslynAnalysisRunner has terminated.
Mono: successfully reloaded assembly
- Completed reload, in  2.961 seconds
Platform modules already initialized, skipping
Refreshing native plugins compatible for Editor in 0.64 ms, found 0 plugins.
Preloading 0 native plugins for Editor in 0.00 ms.
Unloading 1091 Unused Serialized files (Serialized files now loaded: 0)
System memory in use before: 63.2 MB.
System memory in use after: 63.3 MB.

Unloading 5 unused Assets to reduce memory usage. Loaded Objects now: 1571.
Total: 5.160200 ms (FindLiveObjects: 0.476700 ms CreateObjectMapping: 0.141300 ms MarkObjects: 4.395200 ms  DeleteObjects: 0.140400 ms)

========================================================================
Received Prepare
Registering precompiled user dll's ...
Registered in 0.002804 seconds.
Begin MonoManager ReloadAssembly
Native extension for WindowsStandalone target not found
Refreshing native plugins compatible for Editor in 0.68 ms, found 0 plugins.
Preloading 0 native plugins for Editor in 0.00 ms.
Invoked RoslynAnalysisRunner static constructor.
RoslynAnalysisRunner will not be running.
RoslynAnalysisRunner has terminated.
Mono: successfully reloaded assembly
- Completed reload, in  3.396 seconds
Platform modules already initialized, skipping
Refreshing native plugins compatible for Editor in 0.67 ms, found 0 plugins.
Preloading 0 native plugins for Editor in 0.00 ms.
Unloading 1091 Unused Serialized files (Serialized files now loaded: 0)
System memory in use before: 63.3 MB.
System memory in use after: 63.4 MB.

Unloading 5 unused Assets to reduce memory usage. Loaded Objects now: 1573.
Total: 4.851800 ms (FindLiveObjects: 0.504200 ms CreateObjectMapping: 0.162600 ms MarkObjects: 4.060700 ms  DeleteObjects: 0.117800 ms)

========================================================================
Received Prepare
Registering precompiled user dll's ...
Registered in 0.002792 seconds.
Begin MonoManager ReloadAssembly
Native extension for WindowsStandalone target not found
Refreshing native plugins compatible for Editor in 0.79 ms, found 0 plugins.
Preloading 0 native plugins for Editor in 0.00 ms.
Invoked RoslynAnalysisRunner static constructor.
RoslynAnalysisRunner will not be running.
RoslynAnalysisRunner has terminated.
Mono: successfully reloaded assembly
- Completed reload, in  3.121 seconds
Platform modules already initialized, skipping
Refreshing native plugins compatible for Editor in 0.65 ms, found 0 plugins.
Preloading 0 native plugins for Editor in 0.00 ms.
Unloading 1091 Unused Serialized files (Serialized files now loaded: 0)
System memory in use before: 63.4 MB.
System memory in use after: 63.5 MB.

Unloading 5 unused Assets to reduce memory usage. Loaded Objects now: 1575.
Total: 4.839400 ms (FindLiveObjects: 0.464700 ms CreateObjectMapping: 0.115700 ms MarkObjects: 4.131800 ms  DeleteObjects: 0.122500 ms)

