Using pre-set license
Built from '2020.2/release' branch; Version is '2020.2.1f1 (270dd8c3da1c) revision 2559448'; Using compiler version '192528614'; Build Type 'Release'
OS: 'Windows 10  (10.0.0) 64bit' Language: 'ja' Physical Memory: 14265 MB
BatchMode: 1, IsHumanControllingUs: 0, StartBugReporterOnCrash: 0, Is64bit: 1, IsPro: 0

 COMMAND LINE ARGUMENTS:
C:\Users\abarabone\Desktop\projects\2020.2.1f1\Editor\Unity.exe
-adb2
-batchMode
-noUpm
-name
AssetImportWorker0
-projectPath
C:/Users/abarabone/Desktop/projects/bane
-logFile
Logs/AssetImportWorker0.log
-srvPort
62830
Successfully changed project path to: C:/Users/abarabone/Desktop/projects/bane
C:/Users/abarabone/Desktop/projects/bane
Using Asset Import Pipeline V2.
Refreshing native plugins compatible for Editor in 45.95 ms, found 0 plugins.
Preloading 0 native plugins for Editor in 0.00 ms.
Initialize engine version: 2020.2.1f1 (270dd8c3da1c)
[Subsystems] Discovering subsystems at path C:/Users/abarabone/Desktop/projects/2020.2.1f1/Editor/Data/Resources/UnitySubsystems
[Subsystems] Discovering subsystems at path C:/Users/abarabone/Desktop/projects/bane/Assets
GfxDevice: creating device client; threaded=0
Direct3D:
    Version:  Direct3D 11.0 [level 11.1]
    Renderer: AMD Radeon(TM) RX Vega 11 Graphics (ID=0x15dd)
    Vendor:   
    VRAM:     7132 MB
    Driver:   27.20.1034.6
Initialize mono
Mono path[0] = 'C:/Users/abarabone/Desktop/projects/2020.2.1f1/Editor/Data/Managed'
Mono path[1] = 'C:/Users/abarabone/Desktop/projects/2020.2.1f1/Editor/Data/MonoBleedingEdge/lib/mono/unityjit'
Mono config path = 'C:/Users/abarabone/Desktop/projects/2020.2.1f1/Editor/Data/MonoBleedingEdge/etc'
Using monoOptions --debugger-agent=transport=dt_socket,embedding=1,server=y,suspend=n,address=127.0.0.1:56996
Begin MonoManager ReloadAssembly
Registering precompiled unity dll's ...
Register platform support module: C:/Users/abarabone/Desktop/projects/2020.2.1f1/Editor/Data/PlaybackEngines/WindowsStandaloneSupport/UnityEditor.WindowsStandalone.Extensions.dll
Registered in 0.021591 seconds.
Native extension for WindowsStandalone target not found
Refreshing native plugins compatible for Editor in 51.05 ms, found 0 plugins.
Preloading 0 native plugins for Editor in 0.00 ms.
Invoked RoslynAnalysisRunner static constructor.
RoslynAnalysisRunner will not be running.
RoslynAnalysisRunner has terminated.
Mono: successfully reloaded assembly
- Completed reload, in  5.924 seconds
Platform modules already initialized, skipping
Registering precompiled user dll's ...
Registered in 0.001564 seconds.
Begin MonoManager ReloadAssembly
Native extension for WindowsStandalone target not found
Refreshing native plugins compatible for Editor in 0.59 ms, found 0 plugins.
Preloading 0 native plugins for Editor in 0.00 ms.
Invoked RoslynAnalysisRunner static constructor.
RoslynAnalysisRunner will not be running.
RoslynAnalysisRunner has terminated.
Mono: successfully reloaded assembly
- Completed reload, in  1.927 seconds
Platform modules already initialized, skipping
========================================================================
Worker process is ready to serve import requests
Launched and connected shader compiler UnityShaderCompiler.exe after 0.06 seconds
Refreshing native plugins compatible for Editor in 0.39 ms, found 0 plugins.
Preloading 0 native plugins for Editor in 0.00 ms.
Unloading 1096 Unused Serialized files (Serialized files now loaded: 0)
System memory in use before: 58.8 MB.
System memory in use after: 58.8 MB.

Unloading 9 unused Assets to reduce memory usage. Loaded Objects now: 1536.
Total: 8.409200 ms (FindLiveObjects: 1.290600 ms CreateObjectMapping: 0.580200 ms MarkObjects: 6.345800 ms  DeleteObjects: 0.190200 ms)

========================================================================
Received Import Request.
  path: Assets/Scenes
  artifactKey: Guid(59f5da45e7c0e9a4987a8845734439e4) Importer(815301076,1909f56bfc062723c751e8b465ee728b)
Start importing Assets/Scenes using Guid(59f5da45e7c0e9a4987a8845734439e4) Importer(815301076,1909f56bfc062723c751e8b465ee728b)  -> (artifact id: 'd45cf8b30ed52c2cbd0fff0e81265d15') in 0.012109 seconds
  Import took 0.016260 seconds .

========================================================================
Received Import Request.
  Time since last request: 0.000396 seconds.
  path: Assets/Scenes/SampleScene.unity
  artifactKey: Guid(9fc0d4010bbf28b4594072e72b8655ab) Importer(815301076,1909f56bfc062723c751e8b465ee728b)
Start importing Assets/Scenes/SampleScene.unity using Guid(9fc0d4010bbf28b4594072e72b8655ab) Importer(815301076,1909f56bfc062723c751e8b465ee728b)  -> (artifact id: '4a9401349f13ec72cf7a647bae79e35a') in 0.020151 seconds
  Import took 0.023624 seconds .

========================================================================
Received Prepare
Refreshing native plugins compatible for Editor in 1.91 ms, found 0 plugins.
Preloading 0 native plugins for Editor in 0.00 ms.
Unloading 2 Unused Serialized files (Serialized files now loaded: 0)
System memory in use before: 37.0 MB.
System memory in use after: 37.1 MB.

Unloading 2 unused Assets to reduce memory usage. Loaded Objects now: 1536.
Total: 2.399800 ms (FindLiveObjects: 0.184900 ms CreateObjectMapping: 0.034400 ms MarkObjects: 2.163400 ms  DeleteObjects: 0.015700 ms)

========================================================================
Received Prepare
Registering precompiled user dll's ...
Registered in 0.001045 seconds.
Begin MonoManager ReloadAssembly
Native extension for WindowsStandalone target not found
Refreshing native plugins compatible for Editor in 0.30 ms, found 0 plugins.
Preloading 0 native plugins for Editor in 0.00 ms.
Invoked RoslynAnalysisRunner static constructor.
RoslynAnalysisRunner will not be running.
RoslynAnalysisRunner has terminated.
Mono: successfully reloaded assembly
- Completed reload, in  1.346 seconds
Platform modules already initialized, skipping
Refreshing native plugins compatible for Editor in 0.26 ms, found 0 plugins.
Preloading 0 native plugins for Editor in 0.00 ms.
Unloading 1090 Unused Serialized files (Serialized files now loaded: 0)
System memory in use before: 58.8 MB.
System memory in use after: 58.9 MB.

Unloading 4 unused Assets to reduce memory usage. Loaded Objects now: 1538.
Total: 2.160600 ms (FindLiveObjects: 0.171200 ms CreateObjectMapping: 0.044000 ms MarkObjects: 1.921400 ms  DeleteObjects: 0.022500 ms)

========================================================================
Received Import Request.
  Time since last request: 76.028405 seconds.
  path: Assets/Bane.cs
  artifactKey: Guid(63cdfc5f119e0be4aaf339bb5d360f54) Importer(815301076,1909f56bfc062723c751e8b465ee728b)
Start importing Assets/Bane.cs using Guid(63cdfc5f119e0be4aaf339bb5d360f54) Importer(815301076,1909f56bfc062723c751e8b465ee728b)  -> (artifact id: '965118ca7c107aba4d608fa24eaf1d51') in 0.032203 seconds
  Import took 0.034991 seconds .

========================================================================
Received Prepare
Registering precompiled user dll's ...
Registered in 0.002243 seconds.
Begin MonoManager ReloadAssembly
Native extension for WindowsStandalone target not found
Refreshing native plugins compatible for Editor in 0.28 ms, found 0 plugins.
Preloading 0 native plugins for Editor in 0.00 ms.
Invoked RoslynAnalysisRunner static constructor.
RoslynAnalysisRunner will not be running.
RoslynAnalysisRunner has terminated.
Mono: successfully reloaded assembly
- Completed reload, in  1.186 seconds
Platform modules already initialized, skipping
Refreshing native plugins compatible for Editor in 0.35 ms, found 0 plugins.
Preloading 0 native plugins for Editor in 0.00 ms.
Unloading 1090 Unused Serialized files (Serialized files now loaded: 0)
System memory in use before: 58.9 MB.
System memory in use after: 59.0 MB.

Unloading 4 unused Assets to reduce memory usage. Loaded Objects now: 1540.
Total: 2.262400 ms (FindLiveObjects: 0.179900 ms CreateObjectMapping: 0.037800 ms MarkObjects: 2.018800 ms  DeleteObjects: 0.024400 ms)

========================================================================
Received Import Request.
  Time since last request: 4038.199856 seconds.
  path: Assets/Bane.cs
  artifactKey: Guid(63cdfc5f119e0be4aaf339bb5d360f54) Importer(815301076,1909f56bfc062723c751e8b465ee728b)
Start importing Assets/Bane.cs using Guid(63cdfc5f119e0be4aaf339bb5d360f54) Importer(815301076,1909f56bfc062723c751e8b465ee728b)  -> (artifact id: '708f6d03b915882bbd0c34a1136da582') in 0.007345 seconds
  Import took 0.011021 seconds .

========================================================================
Received Import Request.
  Time since last request: 0.545283 seconds.
  path: Assets/bane.prefab
  artifactKey: Guid(5a07357ff697b844ea4a5fb3b012fe88) Importer(815301076,1909f56bfc062723c751e8b465ee728b)
Start importing Assets/bane.prefab using Guid(5a07357ff697b844ea4a5fb3b012fe88) Importer(815301076,1909f56bfc062723c751e8b465ee728b)  -> (artifact id: '203707c7e44c688f4d02291bba0ef2a9') in 0.037339 seconds
  Import took 0.040831 seconds .

========================================================================
Received Import Request.
  Time since last request: 0.011904 seconds.
  path: Assets/bane.prefab
  artifactKey: Guid(5a07357ff697b844ea4a5fb3b012fe88) Importer(815301076,1909f56bfc062723c751e8b465ee728b)
Start importing Assets/bane.prefab using Guid(5a07357ff697b844ea4a5fb3b012fe88) Importer(815301076,1909f56bfc062723c751e8b465ee728b)  -> (artifact id: '203707c7e44c688f4d02291bba0ef2a9') in 0.005224 seconds
  Import took 0.008355 seconds .

========================================================================
Received Import Request.
  Time since last request: 59.393714 seconds.
  path: Assets/Point.cs
  artifactKey: Guid(72de2f512e43a9345950ee9a3e463cf1) Importer(815301076,1909f56bfc062723c751e8b465ee728b)
Start importing Assets/Point.cs using Guid(72de2f512e43a9345950ee9a3e463cf1) Importer(815301076,1909f56bfc062723c751e8b465ee728b)  -> (artifact id: 'a7249428c7cffdffa60555fb78b363d8') in 0.004835 seconds
  Import took 0.008572 seconds .

========================================================================
Received Import Request.
  Time since last request: 0.038853 seconds.
  path: Assets/Point.cs
  artifactKey: Guid(72de2f512e43a9345950ee9a3e463cf1) Importer(815301076,1909f56bfc062723c751e8b465ee728b)
Start importing Assets/Point.cs using Guid(72de2f512e43a9345950ee9a3e463cf1) Importer(815301076,1909f56bfc062723c751e8b465ee728b)  -> (artifact id: 'a7249428c7cffdffa60555fb78b363d8') in 0.004232 seconds
  Import took 0.008201 seconds .

========================================================================
Received Import Request.
  Time since last request: 0.772285 seconds.
  path: Assets/bane.prefab
  artifactKey: Guid(5a07357ff697b844ea4a5fb3b012fe88) Importer(815301076,1909f56bfc062723c751e8b465ee728b)
Start importing Assets/bane.prefab using Guid(5a07357ff697b844ea4a5fb3b012fe88) Importer(815301076,1909f56bfc062723c751e8b465ee728b)  -> (artifact id: 'e547913c48a80eb372996af798351123') in 0.006317 seconds
  Import took 0.010160 seconds .

========================================================================
Received Prepare
Registering precompiled user dll's ...
Registered in 0.001096 seconds.
Begin MonoManager ReloadAssembly
Native extension for WindowsStandalone target not found
Refreshing native plugins compatible for Editor in 0.25 ms, found 0 plugins.
Preloading 0 native plugins for Editor in 0.00 ms.
Invoked RoslynAnalysisRunner static constructor.
RoslynAnalysisRunner will not be running.
RoslynAnalysisRunner has terminated.
Mono: successfully reloaded assembly
- Completed reload, in  1.222 seconds
Platform modules already initialized, skipping
Refreshing native plugins compatible for Editor in 0.97 ms, found 0 plugins.
Preloading 0 native plugins for Editor in 0.00 ms.
Unloading 1090 Unused Serialized files (Serialized files now loaded: 0)
System memory in use before: 59.0 MB.
System memory in use after: 59.1 MB.

Unloading 4 unused Assets to reduce memory usage. Loaded Objects now: 1542.
Total: 6.525400 ms (FindLiveObjects: 0.343500 ms CreateObjectMapping: 0.269400 ms MarkObjects: 5.826900 ms  DeleteObjects: 0.082400 ms)

========================================================================
Received Import Request.
  Time since last request: 10.341656 seconds.
  path: Assets/bane.prefab
  artifactKey: Guid(5a07357ff697b844ea4a5fb3b012fe88) Importer(815301076,1909f56bfc062723c751e8b465ee728b)
Start importing Assets/bane.prefab using Guid(5a07357ff697b844ea4a5fb3b012fe88) Importer(815301076,1909f56bfc062723c751e8b465ee728b)  -> (artifact id: '7a9836be70a61d9b6dcbe0d86449b981') in 0.290540 seconds
  Import took 0.329303 seconds .

========================================================================
Received Prepare
Registering precompiled user dll's ...
Registered in 0.001060 seconds.
Begin MonoManager ReloadAssembly
Native extension for WindowsStandalone target not found
Refreshing native plugins compatible for Editor in 0.38 ms, found 0 plugins.
Preloading 0 native plugins for Editor in 0.00 ms.
Invoked RoslynAnalysisRunner static constructor.
RoslynAnalysisRunner will not be running.
RoslynAnalysisRunner has terminated.
Mono: successfully reloaded assembly
- Completed reload, in  1.225 seconds
Platform modules already initialized, skipping
Refreshing native plugins compatible for Editor in 0.22 ms, found 0 plugins.
Preloading 0 native plugins for Editor in 0.00 ms.
Unloading 1090 Unused Serialized files (Serialized files now loaded: 0)
System memory in use before: 59.1 MB.
System memory in use after: 59.2 MB.

Unloading 4 unused Assets to reduce memory usage. Loaded Objects now: 1544.
Total: 2.054800 ms (FindLiveObjects: 0.191100 ms CreateObjectMapping: 0.034800 ms MarkObjects: 1.807900 ms  DeleteObjects: 0.018700 ms)

========================================================================
Received Prepare
Registering precompiled user dll's ...
Registered in 0.000958 seconds.
Begin MonoManager ReloadAssembly
Native extension for WindowsStandalone target not found
Refreshing native plugins compatible for Editor in 0.39 ms, found 0 plugins.
Preloading 0 native plugins for Editor in 0.00 ms.
Invoked RoslynAnalysisRunner static constructor.
RoslynAnalysisRunner will not be running.
RoslynAnalysisRunner has terminated.
Mono: successfully reloaded assembly
- Completed reload, in  1.228 seconds
Platform modules already initialized, skipping
Refreshing native plugins compatible for Editor in 0.48 ms, found 0 plugins.
Preloading 0 native plugins for Editor in 0.00 ms.
Unloading 1090 Unused Serialized files (Serialized files now loaded: 0)
System memory in use before: 59.2 MB.
System memory in use after: 59.3 MB.

Unloading 4 unused Assets to reduce memory usage. Loaded Objects now: 1546.
Total: 15.232300 ms (FindLiveObjects: 0.516300 ms CreateObjectMapping: 0.133500 ms MarkObjects: 14.544000 ms  DeleteObjects: 0.035300 ms)

========================================================================
Received Import Request.
  Time since last request: 113.969407 seconds.
  path: Assets/bane.prefab
  artifactKey: Guid(5a07357ff697b844ea4a5fb3b012fe88) Importer(815301076,1909f56bfc062723c751e8b465ee728b)
Start importing Assets/bane.prefab using Guid(5a07357ff697b844ea4a5fb3b012fe88) Importer(815301076,1909f56bfc062723c751e8b465ee728b)  -> (artifact id: 'ba7c7dd96fda95caf0a8cd9e5b66cbe9') in 0.463081 seconds
  Import took 0.479333 seconds .

========================================================================
Received Prepare
Registering precompiled user dll's ...
Registered in 0.001107 seconds.
Begin MonoManager ReloadAssembly
Native extension for WindowsStandalone target not found
Refreshing native plugins compatible for Editor in 0.31 ms, found 0 plugins.
Preloading 0 native plugins for Editor in 0.00 ms.
Invoked RoslynAnalysisRunner static constructor.
RoslynAnalysisRunner will not be running.
RoslynAnalysisRunner has terminated.
Mono: successfully reloaded assembly
- Completed reload, in  1.233 seconds
Platform modules already initialized, skipping
Refreshing native plugins compatible for Editor in 0.43 ms, found 0 plugins.
Preloading 0 native plugins for Editor in 0.00 ms.
Unloading 1090 Unused Serialized files (Serialized files now loaded: 0)
System memory in use before: 59.3 MB.
System memory in use after: 59.4 MB.

Unloading 4 unused Assets to reduce memory usage. Loaded Objects now: 1548.
Total: 7.009900 ms (FindLiveObjects: 1.166400 ms CreateObjectMapping: 0.198800 ms MarkObjects: 5.612800 ms  DeleteObjects: 0.028000 ms)

========================================================================
Received Import Request.
  Time since last request: 221.508290 seconds.
  path: Assets/bane.prefab
  artifactKey: Guid(5a07357ff697b844ea4a5fb3b012fe88) Importer(815301076,1909f56bfc062723c751e8b465ee728b)
Start importing Assets/bane.prefab using Guid(5a07357ff697b844ea4a5fb3b012fe88) Importer(815301076,1909f56bfc062723c751e8b465ee728b)  -> (artifact id: '58a2a889e36f3093ed685337ea859330') in 0.226465 seconds
  Import took 0.302958 seconds .

========================================================================
Received Prepare
Registering precompiled user dll's ...
Registered in 0.000996 seconds.
Begin MonoManager ReloadAssembly
Native extension for WindowsStandalone target not found
Refreshing native plugins compatible for Editor in 0.30 ms, found 0 plugins.
Preloading 0 native plugins for Editor in 0.00 ms.
Invoked RoslynAnalysisRunner static constructor.
RoslynAnalysisRunner will not be running.
RoslynAnalysisRunner has terminated.
Mono: successfully reloaded assembly
- Completed reload, in  1.479 seconds
Platform modules already initialized, skipping
Refreshing native plugins compatible for Editor in 0.39 ms, found 0 plugins.
Preloading 0 native plugins for Editor in 0.00 ms.
Unloading 1090 Unused Serialized files (Serialized files now loaded: 0)
System memory in use before: 59.3 MB.
System memory in use after: 59.4 MB.

Unloading 4 unused Assets to reduce memory usage. Loaded Objects now: 1550.
Total: 2.825900 ms (FindLiveObjects: 0.235000 ms CreateObjectMapping: 0.049600 ms MarkObjects: 2.515900 ms  DeleteObjects: 0.022600 ms)

========================================================================
Received Import Request.
  Time since last request: 75.403379 seconds.
  path: Assets/bane.prefab
  artifactKey: Guid(5a07357ff697b844ea4a5fb3b012fe88) Importer(815301076,1909f56bfc062723c751e8b465ee728b)
Start importing Assets/bane.prefab using Guid(5a07357ff697b844ea4a5fb3b012fe88) Importer(815301076,1909f56bfc062723c751e8b465ee728b)  -> (artifact id: '0bda27224da9e3ebdd13a945f9b90e23') in 0.046338 seconds
  Import took 0.050118 seconds .

========================================================================
Received Import Request.
  Time since last request: 1.860975 seconds.
  path: Assets/bane.prefab
  artifactKey: Guid(5a07357ff697b844ea4a5fb3b012fe88) Importer(815301076,1909f56bfc062723c751e8b465ee728b)
Start importing Assets/bane.prefab using Guid(5a07357ff697b844ea4a5fb3b012fe88) Importer(815301076,1909f56bfc062723c751e8b465ee728b)  -> (artifact id: '0bda27224da9e3ebdd13a945f9b90e23') in 0.005973 seconds
  Import took 0.009124 seconds .

========================================================================
Received Prepare
Registering precompiled user dll's ...
Registered in 0.000940 seconds.
Begin MonoManager ReloadAssembly
Native extension for WindowsStandalone target not found
Refreshing native plugins compatible for Editor in 0.26 ms, found 0 plugins.
Preloading 0 native plugins for Editor in 0.00 ms.
Invoked RoslynAnalysisRunner static constructor.
RoslynAnalysisRunner will not be running.
RoslynAnalysisRunner has terminated.
Mono: successfully reloaded assembly
- Completed reload, in  1.172 seconds
Platform modules already initialized, skipping
Refreshing native plugins compatible for Editor in 0.25 ms, found 0 plugins.
Preloading 0 native plugins for Editor in 0.00 ms.
Unloading 1090 Unused Serialized files (Serialized files now loaded: 0)
System memory in use before: 59.4 MB.
System memory in use after: 59.5 MB.

Unloading 4 unused Assets to reduce memory usage. Loaded Objects now: 1552.
Total: 2.343900 ms (FindLiveObjects: 0.236500 ms CreateObjectMapping: 0.038700 ms MarkObjects: 2.045500 ms  DeleteObjects: 0.021200 ms)

========================================================================
Received Prepare
Registering precompiled user dll's ...
Registered in 0.001214 seconds.
Begin MonoManager ReloadAssembly
Native extension for WindowsStandalone target not found
Refreshing native plugins compatible for Editor in 0.39 ms, found 0 plugins.
Preloading 0 native plugins for Editor in 0.00 ms.
Invoked RoslynAnalysisRunner static constructor.
RoslynAnalysisRunner will not be running.
RoslynAnalysisRunner has terminated.
Mono: successfully reloaded assembly
- Completed reload, in  1.292 seconds
Platform modules already initialized, skipping
Refreshing native plugins compatible for Editor in 0.22 ms, found 0 plugins.
Preloading 0 native plugins for Editor in 0.00 ms.
Unloading 1090 Unused Serialized files (Serialized files now loaded: 0)
System memory in use before: 59.5 MB.
System memory in use after: 59.6 MB.

Unloading 4 unused Assets to reduce memory usage. Loaded Objects now: 1554.
Total: 2.149900 ms (FindLiveObjects: 0.170700 ms CreateObjectMapping: 0.035600 ms MarkObjects: 1.923300 ms  DeleteObjects: 0.018300 ms)

========================================================================
Received Prepare
Registering precompiled user dll's ...
Registered in 0.001720 seconds.
Begin MonoManager ReloadAssembly
Native extension for WindowsStandalone target not found
Refreshing native plugins compatible for Editor in 0.24 ms, found 0 plugins.
Preloading 0 native plugins for Editor in 0.00 ms.
Invoked RoslynAnalysisRunner static constructor.
RoslynAnalysisRunner will not be running.
RoslynAnalysisRunner has terminated.
Mono: successfully reloaded assembly
- Completed reload, in  1.029 seconds
Platform modules already initialized, skipping
Refreshing native plugins compatible for Editor in 0.24 ms, found 0 plugins.
Preloading 0 native plugins for Editor in 0.00 ms.
Unloading 1090 Unused Serialized files (Serialized files now loaded: 0)
System memory in use before: 59.6 MB.
System memory in use after: 59.7 MB.

Unloading 4 unused Assets to reduce memory usage. Loaded Objects now: 1556.
Total: 2.385000 ms (FindLiveObjects: 0.176700 ms CreateObjectMapping: 0.034400 ms MarkObjects: 2.153700 ms  DeleteObjects: 0.019000 ms)

========================================================================
Received Import Request.
  Time since last request: 966.817185 seconds.
  path: Assets/bane.prefab
  artifactKey: Guid(5a07357ff697b844ea4a5fb3b012fe88) Importer(815301076,1909f56bfc062723c751e8b465ee728b)
Start importing Assets/bane.prefab using Guid(5a07357ff697b844ea4a5fb3b012fe88) Importer(815301076,1909f56bfc062723c751e8b465ee728b)  -> (artifact id: '6b62b44cef8964fd355c316a36767920') in 0.032246 seconds
  Import took 0.035853 seconds .

========================================================================
Received Prepare
Registering precompiled user dll's ...
Registered in 0.001073 seconds.
Begin MonoManager ReloadAssembly
Native extension for WindowsStandalone target not found
Refreshing native plugins compatible for Editor in 0.40 ms, found 0 plugins.
Preloading 0 native plugins for Editor in 0.00 ms.
Invoked RoslynAnalysisRunner static constructor.
RoslynAnalysisRunner will not be running.
RoslynAnalysisRunner has terminated.
Mono: successfully reloaded assembly
- Completed reload, in  1.340 seconds
Platform modules already initialized, skipping
Refreshing native plugins compatible for Editor in 0.33 ms, found 0 plugins.
Preloading 0 native plugins for Editor in 0.00 ms.
Unloading 1090 Unused Serialized files (Serialized files now loaded: 0)
System memory in use before: 59.6 MB.
System memory in use after: 59.7 MB.

Unloading 4 unused Assets to reduce memory usage. Loaded Objects now: 1558.
Total: 2.627000 ms (FindLiveObjects: 0.209000 ms CreateObjectMapping: 0.037600 ms MarkObjects: 2.351600 ms  DeleteObjects: 0.026700 ms)

========================================================================
Received Import Request.
  Time since last request: 7.084277 seconds.
  path: Assets/bane.prefab
  artifactKey: Guid(5a07357ff697b844ea4a5fb3b012fe88) Importer(815301076,1909f56bfc062723c751e8b465ee728b)
Start importing Assets/bane.prefab using Guid(5a07357ff697b844ea4a5fb3b012fe88) Importer(815301076,1909f56bfc062723c751e8b465ee728b)  -> (artifact id: 'f1da1014a56699ca889d7eb4b1834bf5') in 0.037911 seconds
  Import took 0.041586 seconds .

========================================================================
Received Import Request.
  Time since last request: 2.042710 seconds.
  path: Assets/bane.prefab
  artifactKey: Guid(5a07357ff697b844ea4a5fb3b012fe88) Importer(815301076,1909f56bfc062723c751e8b465ee728b)
Start importing Assets/bane.prefab using Guid(5a07357ff697b844ea4a5fb3b012fe88) Importer(815301076,1909f56bfc062723c751e8b465ee728b)  -> (artifact id: 'f1da1014a56699ca889d7eb4b1834bf5') in 0.005665 seconds
  Import took 0.009352 seconds .

========================================================================
Received Prepare
Registering precompiled user dll's ...
Registered in 0.001278 seconds.
Begin MonoManager ReloadAssembly
Native extension for WindowsStandalone target not found
Refreshing native plugins compatible for Editor in 0.37 ms, found 0 plugins.
Preloading 0 native plugins for Editor in 0.00 ms.
Invoked RoslynAnalysisRunner static constructor.
RoslynAnalysisRunner will not be running.
RoslynAnalysisRunner has terminated.
Mono: successfully reloaded assembly
- Completed reload, in  1.366 seconds
Platform modules already initialized, skipping
Refreshing native plugins compatible for Editor in 0.33 ms, found 0 plugins.
Preloading 0 native plugins for Editor in 0.00 ms.
Unloading 1090 Unused Serialized files (Serialized files now loaded: 0)
System memory in use before: 59.7 MB.
System memory in use after: 59.8 MB.

Unloading 4 unused Assets to reduce memory usage. Loaded Objects now: 1560.
Total: 1.854200 ms (FindLiveObjects: 0.158400 ms CreateObjectMapping: 0.032100 ms MarkObjects: 1.647000 ms  DeleteObjects: 0.015500 ms)

========================================================================
Received Prepare
Registering precompiled user dll's ...
Registered in 0.001267 seconds.
Begin MonoManager ReloadAssembly
Native extension for WindowsStandalone target not found
Refreshing native plugins compatible for Editor in 0.33 ms, found 0 plugins.
Preloading 0 native plugins for Editor in 0.00 ms.
Invoked RoslynAnalysisRunner static constructor.
RoslynAnalysisRunner will not be running.
RoslynAnalysisRunner has terminated.
Mono: successfully reloaded assembly
- Completed reload, in  1.183 seconds
Platform modules already initialized, skipping
Refreshing native plugins compatible for Editor in 0.38 ms, found 0 plugins.
Preloading 0 native plugins for Editor in 0.00 ms.
Unloading 1090 Unused Serialized files (Serialized files now loaded: 0)
System memory in use before: 59.7 MB.
System memory in use after: 59.8 MB.

Unloading 4 unused Assets to reduce memory usage. Loaded Objects now: 1562.
Total: 2.772100 ms (FindLiveObjects: 0.269800 ms CreateObjectMapping: 0.052700 ms MarkObjects: 2.429600 ms  DeleteObjects: 0.018500 ms)

========================================================================
Received Import Request.
  Time since last request: 30.257689 seconds.
  path: Assets/bane.prefab
  artifactKey: Guid(5a07357ff697b844ea4a5fb3b012fe88) Importer(815301076,1909f56bfc062723c751e8b465ee728b)
Start importing Assets/bane.prefab using Guid(5a07357ff697b844ea4a5fb3b012fe88) Importer(815301076,1909f56bfc062723c751e8b465ee728b)  -> (artifact id: 'febb1fbfbe0b56d214cd493f962573fe') in 0.143913 seconds
  Import took 0.159588 seconds .

========================================================================
Received Prepare
Registering precompiled user dll's ...
Registered in 0.001423 seconds.
Begin MonoManager ReloadAssembly
Native extension for WindowsStandalone target not found
Refreshing native plugins compatible for Editor in 0.44 ms, found 0 plugins.
Preloading 0 native plugins for Editor in 0.00 ms.
Invoked RoslynAnalysisRunner static constructor.
RoslynAnalysisRunner will not be running.
RoslynAnalysisRunner has terminated.
Mono: successfully reloaded assembly
- Completed reload, in  1.279 seconds
Platform modules already initialized, skipping
Refreshing native plugins compatible for Editor in 0.24 ms, found 0 plugins.
Preloading 0 native plugins for Editor in 0.00 ms.
Unloading 1090 Unused Serialized files (Serialized files now loaded: 0)
System memory in use before: 59.9 MB.
System memory in use after: 60.0 MB.

Unloading 4 unused Assets to reduce memory usage. Loaded Objects now: 1564.
Total: 1.974300 ms (FindLiveObjects: 0.169800 ms CreateObjectMapping: 0.032700 ms MarkObjects: 1.751800 ms  DeleteObjects: 0.018300 ms)

========================================================================
Received Prepare
Registering precompiled user dll's ...
Registered in 0.001133 seconds.
Begin MonoManager ReloadAssembly
Native extension for WindowsStandalone target not found
Refreshing native plugins compatible for Editor in 0.46 ms, found 0 plugins.
Preloading 0 native plugins for Editor in 0.00 ms.
Invoked RoslynAnalysisRunner static constructor.
RoslynAnalysisRunner will not be running.
RoslynAnalysisRunner has terminated.
Mono: successfully reloaded assembly
- Completed reload, in  1.444 seconds
Platform modules already initialized, skipping
Refreshing native plugins compatible for Editor in 0.22 ms, found 0 plugins.
Preloading 0 native plugins for Editor in 0.00 ms.
Unloading 1090 Unused Serialized files (Serialized files now loaded: 0)
System memory in use before: 59.9 MB.
System memory in use after: 60.0 MB.

Unloading 4 unused Assets to reduce memory usage. Loaded Objects now: 1566.
Total: 1.983700 ms (FindLiveObjects: 0.165200 ms CreateObjectMapping: 0.034500 ms MarkObjects: 1.765800 ms  DeleteObjects: 0.016800 ms)

========================================================================
Received Prepare
Registering precompiled user dll's ...
Registered in 0.001003 seconds.
Begin MonoManager ReloadAssembly
Native extension for WindowsStandalone target not found
Refreshing native plugins compatible for Editor in 0.27 ms, found 0 plugins.
Preloading 0 native plugins for Editor in 0.00 ms.
Invoked RoslynAnalysisRunner static constructor.
RoslynAnalysisRunner will not be running.
RoslynAnalysisRunner has terminated.
Mono: successfully reloaded assembly
- Completed reload, in  1.456 seconds
Platform modules already initialized, skipping
Refreshing native plugins compatible for Editor in 0.23 ms, found 0 plugins.
Preloading 0 native plugins for Editor in 0.00 ms.
Unloading 1090 Unused Serialized files (Serialized files now loaded: 0)
System memory in use before: 60.0 MB.
System memory in use after: 60.1 MB.

Unloading 4 unused Assets to reduce memory usage. Loaded Objects now: 1568.
Total: 2.514100 ms (FindLiveObjects: 0.278400 ms CreateObjectMapping: 0.053800 ms MarkObjects: 2.155000 ms  DeleteObjects: 0.025000 ms)

========================================================================
Received Prepare
Registering precompiled user dll's ...
Registered in 0.001198 seconds.
Begin MonoManager ReloadAssembly
Native extension for WindowsStandalone target not found
Refreshing native plugins compatible for Editor in 0.26 ms, found 0 plugins.
Preloading 0 native plugins for Editor in 0.00 ms.
Invoked RoslynAnalysisRunner static constructor.
RoslynAnalysisRunner will not be running.
RoslynAnalysisRunner has terminated.
Mono: successfully reloaded assembly
- Completed reload, in  1.025 seconds
Platform modules already initialized, skipping
Refreshing native plugins compatible for Editor in 0.23 ms, found 0 plugins.
Preloading 0 native plugins for Editor in 0.00 ms.
Unloading 1090 Unused Serialized files (Serialized files now loaded: 0)
System memory in use before: 60.1 MB.
System memory in use after: 60.2 MB.

Unloading 4 unused Assets to reduce memory usage. Loaded Objects now: 1570.
Total: 2.443500 ms (FindLiveObjects: 0.190900 ms CreateObjectMapping: 0.038400 ms MarkObjects: 2.193000 ms  DeleteObjects: 0.019300 ms)

========================================================================
Received Import Request.
  Time since last request: 465.405604 seconds.
  path: Assets/bane.prefab
  artifactKey: Guid(5a07357ff697b844ea4a5fb3b012fe88) Importer(815301076,1909f56bfc062723c751e8b465ee728b)
Start importing Assets/bane.prefab using Guid(5a07357ff697b844ea4a5fb3b012fe88) Importer(815301076,1909f56bfc062723c751e8b465ee728b)  -> (artifact id: '08f1151deb3d156c33073bf685cbc37e') in 0.030567 seconds
  Import took 0.034135 seconds .

========================================================================
Received Prepare
Registering precompiled user dll's ...
Registered in 0.000992 seconds.
Begin MonoManager ReloadAssembly
Native extension for WindowsStandalone target not found
Refreshing native plugins compatible for Editor in 0.40 ms, found 0 plugins.
Preloading 0 native plugins for Editor in 0.00 ms.
Invoked RoslynAnalysisRunner static constructor.
RoslynAnalysisRunner will not be running.
RoslynAnalysisRunner has terminated.
Mono: successfully reloaded assembly
- Completed reload, in  1.861 seconds
Platform modules already initialized, skipping
Refreshing native plugins compatible for Editor in 0.34 ms, found 0 plugins.
Preloading 0 native plugins for Editor in 0.00 ms.
Unloading 1090 Unused Serialized files (Serialized files now loaded: 0)
System memory in use before: 60.2 MB.
System memory in use after: 60.3 MB.

Unloading 4 unused Assets to reduce memory usage. Loaded Objects now: 1572.
Total: 3.328900 ms (FindLiveObjects: 0.270000 ms CreateObjectMapping: 0.048500 ms MarkObjects: 2.988300 ms  DeleteObjects: 0.020400 ms)

========================================================================
Received Import Request.
  Time since last request: 2.806720 seconds.
  path: Assets/bane.prefab
  artifactKey: Guid(5a07357ff697b844ea4a5fb3b012fe88) Importer(815301076,1909f56bfc062723c751e8b465ee728b)
Start importing Assets/bane.prefab using Guid(5a07357ff697b844ea4a5fb3b012fe88) Importer(815301076,1909f56bfc062723c751e8b465ee728b)  -> (artifact id: '1f903cf17a50989c93fe5bd647c6ea9d') in 0.041046 seconds
  Import took 0.045451 seconds .

========================================================================
Received Prepare
Registering precompiled user dll's ...
Registered in 0.000986 seconds.
Begin MonoManager ReloadAssembly
Native extension for WindowsStandalone target not found
Refreshing native plugins compatible for Editor in 0.51 ms, found 0 plugins.
Preloading 0 native plugins for Editor in 0.00 ms.
Invoked RoslynAnalysisRunner static constructor.
RoslynAnalysisRunner will not be running.
RoslynAnalysisRunner has terminated.
Mono: successfully reloaded assembly
- Completed reload, in  1.390 seconds
Platform modules already initialized, skipping
Refreshing native plugins compatible for Editor in 0.25 ms, found 0 plugins.
Preloading 0 native plugins for Editor in 0.00 ms.
Unloading 1090 Unused Serialized files (Serialized files now loaded: 0)
System memory in use before: 60.2 MB.
System memory in use after: 60.3 MB.

Unloading 4 unused Assets to reduce memory usage. Loaded Objects now: 1574.
Total: 2.273000 ms (FindLiveObjects: 0.175000 ms CreateObjectMapping: 0.041800 ms MarkObjects: 2.034600 ms  DeleteObjects: 0.019700 ms)

========================================================================
Received Prepare
Registering precompiled user dll's ...
Registered in 0.001054 seconds.
Begin MonoManager ReloadAssembly
Native extension for WindowsStandalone target not found
Refreshing native plugins compatible for Editor in 0.29 ms, found 0 plugins.
Preloading 0 native plugins for Editor in 0.00 ms.
Invoked RoslynAnalysisRunner static constructor.
RoslynAnalysisRunner will not be running.
RoslynAnalysisRunner has terminated.
Mono: successfully reloaded assembly
- Completed reload, in  1.008 seconds
Platform modules already initialized, skipping
Refreshing native plugins compatible for Editor in 0.23 ms, found 0 plugins.
Preloading 0 native plugins for Editor in 0.00 ms.
Unloading 1090 Unused Serialized files (Serialized files now loaded: 0)
System memory in use before: 60.3 MB.
System memory in use after: 60.4 MB.

Unloading 4 unused Assets to reduce memory usage. Loaded Objects now: 1576.
Total: 2.144000 ms (FindLiveObjects: 0.184800 ms CreateObjectMapping: 0.036500 ms MarkObjects: 1.903400 ms  DeleteObjects: 0.018000 ms)

========================================================================
Received Prepare
Registering precompiled user dll's ...
Registered in 0.001259 seconds.
Begin MonoManager ReloadAssembly
Native extension for WindowsStandalone target not found
Refreshing native plugins compatible for Editor in 0.44 ms, found 0 plugins.
Preloading 0 native plugins for Editor in 0.00 ms.
Invoked RoslynAnalysisRunner static constructor.
RoslynAnalysisRunner will not be running.
RoslynAnalysisRunner has terminated.
Mono: successfully reloaded assembly
- Completed reload, in  1.007 seconds
Platform modules already initialized, skipping
Refreshing native plugins compatible for Editor in 0.33 ms, found 0 plugins.
Preloading 0 native plugins for Editor in 0.00 ms.
Unloading 1090 Unused Serialized files (Serialized files now loaded: 0)
System memory in use before: 60.4 MB.
System memory in use after: 60.5 MB.

Unloading 4 unused Assets to reduce memory usage. Loaded Objects now: 1578.
Total: 2.133400 ms (FindLiveObjects: 0.180300 ms CreateObjectMapping: 0.035100 ms MarkObjects: 1.898700 ms  DeleteObjects: 0.017800 ms)

========================================================================
Received Prepare
Registering precompiled user dll's ...
Registered in 0.001201 seconds.
Begin MonoManager ReloadAssembly
Native extension for WindowsStandalone target not found
Refreshing native plugins compatible for Editor in 0.28 ms, found 0 plugins.
Preloading 0 native plugins for Editor in 0.00 ms.
Invoked RoslynAnalysisRunner static constructor.
RoslynAnalysisRunner will not be running.
RoslynAnalysisRunner has terminated.
Mono: successfully reloaded assembly
- Completed reload, in  0.999 seconds
Platform modules already initialized, skipping
Refreshing native plugins compatible for Editor in 0.24 ms, found 0 plugins.
Preloading 0 native plugins for Editor in 0.00 ms.
Unloading 1090 Unused Serialized files (Serialized files now loaded: 0)
System memory in use before: 60.5 MB.
System memory in use after: 60.6 MB.

Unloading 4 unused Assets to reduce memory usage. Loaded Objects now: 1580.
Total: 1.989500 ms (FindLiveObjects: 0.172200 ms CreateObjectMapping: 0.034600 ms MarkObjects: 1.764300 ms  DeleteObjects: 0.016900 ms)

========================================================================
Received Prepare
Registering precompiled user dll's ...
Registered in 0.001484 seconds.
Begin MonoManager ReloadAssembly
Native extension for WindowsStandalone target not found
Refreshing native plugins compatible for Editor in 0.23 ms, found 0 plugins.
Preloading 0 native plugins for Editor in 0.00 ms.
Invoked RoslynAnalysisRunner static constructor.
RoslynAnalysisRunner will not be running.
RoslynAnalysisRunner has terminated.
Mono: successfully reloaded assembly
- Completed reload, in  1.152 seconds
Platform modules already initialized, skipping
Refreshing native plugins compatible for Editor in 0.24 ms, found 0 plugins.
Preloading 0 native plugins for Editor in 0.00 ms.
Unloading 1090 Unused Serialized files (Serialized files now loaded: 0)
System memory in use before: 60.5 MB.
System memory in use after: 60.6 MB.

Unloading 4 unused Assets to reduce memory usage. Loaded Objects now: 1582.
Total: 2.044300 ms (FindLiveObjects: 0.178600 ms CreateObjectMapping: 0.033000 ms MarkObjects: 1.812100 ms  DeleteObjects: 0.019000 ms)

========================================================================
Received Prepare
Registering precompiled user dll's ...
Registered in 0.001288 seconds.
Begin MonoManager ReloadAssembly
Native extension for WindowsStandalone target not found
Refreshing native plugins compatible for Editor in 0.43 ms, found 0 plugins.
Preloading 0 native plugins for Editor in 0.00 ms.
Invoked RoslynAnalysisRunner static constructor.
RoslynAnalysisRunner will not be running.
RoslynAnalysisRunner has terminated.
Mono: successfully reloaded assembly
- Completed reload, in  1.303 seconds
Platform modules already initialized, skipping
Refreshing native plugins compatible for Editor in 0.22 ms, found 0 plugins.
Preloading 0 native plugins for Editor in 0.00 ms.
Unloading 1090 Unused Serialized files (Serialized files now loaded: 0)
System memory in use before: 60.6 MB.
System memory in use after: 60.7 MB.

Unloading 4 unused Assets to reduce memory usage. Loaded Objects now: 1584.
Total: 2.155100 ms (FindLiveObjects: 0.233200 ms CreateObjectMapping: 0.048200 ms MarkObjects: 1.852000 ms  DeleteObjects: 0.020000 ms)

========================================================================
Received Import Request.
  Time since last request: 1614.446340 seconds.
  path: Assets/bane 1.prefab
  artifactKey: Guid(ff542119bcc75c644b1f6fd635d02eee) Importer(815301076,1909f56bfc062723c751e8b465ee728b)
Start importing Assets/bane 1.prefab using Guid(ff542119bcc75c644b1f6fd635d02eee) Importer(815301076,1909f56bfc062723c751e8b465ee728b)  -> (artifact id: '9abc720aff742631528504a89e387e75') in 0.036232 seconds
  Import took 0.039844 seconds .

========================================================================
Received Import Request.
  Time since last request: 23.389718 seconds.
  path: Assets/d.prefab
  artifactKey: Guid(ff542119bcc75c644b1f6fd635d02eee) Importer(815301076,1909f56bfc062723c751e8b465ee728b)
Start importing Assets/d.prefab using Guid(ff542119bcc75c644b1f6fd635d02eee) Importer(815301076,1909f56bfc062723c751e8b465ee728b)  -> (artifact id: 'b8219bc7739998588fd8efbb0bbae80f') in 0.007762 seconds
  Import took 0.011275 seconds .

========================================================================
Received Import Request.
  Time since last request: 14.390050 seconds.
  path: Assets/bend.prefab
  artifactKey: Guid(ff542119bcc75c644b1f6fd635d02eee) Importer(815301076,1909f56bfc062723c751e8b465ee728b)
Start importing Assets/bend.prefab using Guid(ff542119bcc75c644b1f6fd635d02eee) Importer(815301076,1909f56bfc062723c751e8b465ee728b)  -> (artifact id: '979c22285a86acbd20f03005ef6b11b5') in 0.009774 seconds
  Import took 0.013799 seconds .

========================================================================
Received Import Request.
  Time since last request: 9.478354 seconds.
  path: Assets/stretch.prefab
  artifactKey: Guid(5a07357ff697b844ea4a5fb3b012fe88) Importer(815301076,1909f56bfc062723c751e8b465ee728b)
Start importing Assets/stretch.prefab using Guid(5a07357ff697b844ea4a5fb3b012fe88) Importer(815301076,1909f56bfc062723c751e8b465ee728b)  -> (artifact id: 'fb041d865ea838acf9880b85255b661f') in 0.010610 seconds
  Import took 0.013891 seconds .

========================================================================
Received Import Request.
  Time since last request: 43.602854 seconds.
  path: Assets/spring stretch.prefab
  artifactKey: Guid(5a07357ff697b844ea4a5fb3b012fe88) Importer(815301076,1909f56bfc062723c751e8b465ee728b)
Start importing Assets/spring stretch.prefab using Guid(5a07357ff697b844ea4a5fb3b012fe88) Importer(815301076,1909f56bfc062723c751e8b465ee728b)  -> (artifact id: 'cc59abb0923a8e44b498f4cf0cf567ab') in 0.007417 seconds
  Import took 0.012544 seconds .

========================================================================
Received Import Request.
  Time since last request: 4.958218 seconds.
  path: Assets/spring bend.prefab
  artifactKey: Guid(ff542119bcc75c644b1f6fd635d02eee) Importer(815301076,1909f56bfc062723c751e8b465ee728b)
Start importing Assets/spring bend.prefab using Guid(ff542119bcc75c644b1f6fd635d02eee) Importer(815301076,1909f56bfc062723c751e8b465ee728b)  -> (artifact id: 'c501f9b5a7da2fac4378906f83336449') in 0.009132 seconds
  Import took 0.012799 seconds .

========================================================================
Received Prepare
Registering precompiled user dll's ...
Registered in 0.001140 seconds.
Begin MonoManager ReloadAssembly
Native extension for WindowsStandalone target not found
Refreshing native plugins compatible for Editor in 0.38 ms, found 0 plugins.
Preloading 0 native plugins for Editor in 0.00 ms.
Invoked RoslynAnalysisRunner static constructor.
RoslynAnalysisRunner will not be running.
RoslynAnalysisRunner has terminated.
Mono: successfully reloaded assembly
- Completed reload, in  1.928 seconds
Platform modules already initialized, skipping
Refreshing native plugins compatible for Editor in 0.42 ms, found 0 plugins.
Preloading 0 native plugins for Editor in 0.00 ms.
Unloading 1090 Unused Serialized files (Serialized files now loaded: 0)
System memory in use before: 60.7 MB.
System memory in use after: 60.8 MB.

Unloading 4 unused Assets to reduce memory usage. Loaded Objects now: 1586.
Total: 2.960400 ms (FindLiveObjects: 0.269300 ms CreateObjectMapping: 0.046800 ms MarkObjects: 2.622900 ms  DeleteObjects: 0.018800 ms)

========================================================================
Received Prepare
Registering precompiled user dll's ...
Registered in 0.001254 seconds.
Begin MonoManager ReloadAssembly
Native extension for WindowsStandalone target not found
Refreshing native plugins compatible for Editor in 0.27 ms, found 0 plugins.
Preloading 0 native plugins for Editor in 0.00 ms.
Invoked RoslynAnalysisRunner static constructor.
RoslynAnalysisRunner will not be running.
RoslynAnalysisRunner has terminated.
Mono: successfully reloaded assembly
- Completed reload, in  1.096 seconds
Platform modules already initialized, skipping
Refreshing native plugins compatible for Editor in 0.23 ms, found 0 plugins.
Preloading 0 native plugins for Editor in 0.00 ms.
Unloading 1090 Unused Serialized files (Serialized files now loaded: 0)
System memory in use before: 60.8 MB.
System memory in use after: 60.9 MB.

Unloading 4 unused Assets to reduce memory usage. Loaded Objects now: 1588.
Total: 1.995400 ms (FindLiveObjects: 0.184000 ms CreateObjectMapping: 0.034200 ms MarkObjects: 1.756700 ms  DeleteObjects: 0.018700 ms)

========================================================================
Received Prepare
Registering precompiled user dll's ...
Registered in 0.000976 seconds.
Begin MonoManager ReloadAssembly
Native extension for WindowsStandalone target not found
Refreshing native plugins compatible for Editor in 0.25 ms, found 0 plugins.
Preloading 0 native plugins for Editor in 0.00 ms.
Invoked RoslynAnalysisRunner static constructor.
RoslynAnalysisRunner will not be running.
RoslynAnalysisRunner has terminated.
Mono: successfully reloaded assembly
- Completed reload, in  1.036 seconds
Platform modules already initialized, skipping
Refreshing native plugins compatible for Editor in 0.23 ms, found 0 plugins.
Preloading 0 native plugins for Editor in 0.00 ms.
Unloading 1090 Unused Serialized files (Serialized files now loaded: 0)
System memory in use before: 60.8 MB.
System memory in use after: 60.9 MB.

Unloading 4 unused Assets to reduce memory usage. Loaded Objects now: 1590.
Total: 2.234000 ms (FindLiveObjects: 0.191400 ms CreateObjectMapping: 0.040300 ms MarkObjects: 1.981600 ms  DeleteObjects: 0.019000 ms)

========================================================================
Received Import Request.
  Time since last request: 1215.190552 seconds.
  path: Assets/point.prefab
  artifactKey: Guid(68146c4c52c695844b32e32494b671fb) Importer(815301076,1909f56bfc062723c751e8b465ee728b)
Start importing Assets/point.prefab using Guid(68146c4c52c695844b32e32494b671fb) Importer(815301076,1909f56bfc062723c751e8b465ee728b)  -> (artifact id: 'bca16c60a2fd08210ca70926155cff3f') in 0.131415 seconds
  Import took 0.135256 seconds .

========================================================================
Received Prepare
Registering precompiled user dll's ...
Registered in 0.001217 seconds.
Begin MonoManager ReloadAssembly
Native extension for WindowsStandalone target not found
Refreshing native plugins compatible for Editor in 0.32 ms, found 0 plugins.
Preloading 0 native plugins for Editor in 0.00 ms.
Invoked RoslynAnalysisRunner static constructor.
RoslynAnalysisRunner will not be running.
RoslynAnalysisRunner has terminated.
Mono: successfully reloaded assembly
- Completed reload, in  1.314 seconds
Platform modules already initialized, skipping
Refreshing native plugins compatible for Editor in 0.32 ms, found 0 plugins.
Preloading 0 native plugins for Editor in 0.00 ms.
Unloading 1090 Unused Serialized files (Serialized files now loaded: 0)
System memory in use before: 63.5 MB.
System memory in use after: 63.6 MB.

Unloading 5 unused Assets to reduce memory usage. Loaded Objects now: 1602.
Total: 2.905000 ms (FindLiveObjects: 0.231000 ms CreateObjectMapping: 0.073300 ms MarkObjects: 2.567800 ms  DeleteObjects: 0.031000 ms)

========================================================================
Received Import Request.
  Time since last request: 40.433969 seconds.
  path: Assets/spring bend.prefab
  artifactKey: Guid(ff542119bcc75c644b1f6fd635d02eee) Importer(815301076,1909f56bfc062723c751e8b465ee728b)
Start importing Assets/spring bend.prefab using Guid(ff542119bcc75c644b1f6fd635d02eee) Importer(815301076,1909f56bfc062723c751e8b465ee728b)  -> (artifact id: '768946f4a70b1415ce1ab214bf3c9fee') in 0.030632 seconds
  Import took 0.034267 seconds .

========================================================================
Received Prepare
Registering precompiled user dll's ...
Registered in 0.001099 seconds.
Begin MonoManager ReloadAssembly
Native extension for WindowsStandalone target not found
Refreshing native plugins compatible for Editor in 0.44 ms, found 0 plugins.
Preloading 0 native plugins for Editor in 0.00 ms.
Invoked RoslynAnalysisRunner static constructor.
RoslynAnalysisRunner will not be running.
RoslynAnalysisRunner has terminated.
Mono: successfully reloaded assembly
- Completed reload, in  1.502 seconds
Platform modules already initialized, skipping
Refreshing native plugins compatible for Editor in 0.34 ms, found 0 plugins.
Preloading 0 native plugins for Editor in 0.00 ms.
Unloading 1090 Unused Serialized files (Serialized files now loaded: 0)
System memory in use before: 63.6 MB.
System memory in use after: 63.7 MB.

Unloading 4 unused Assets to reduce memory usage. Loaded Objects now: 1604.
Total: 2.701500 ms (FindLiveObjects: 0.234500 ms CreateObjectMapping: 0.045400 ms MarkObjects: 2.392600 ms  DeleteObjects: 0.027100 ms)

========================================================================
Received Prepare
Registering precompiled user dll's ...
Registered in 0.001239 seconds.
Begin MonoManager ReloadAssembly
Native extension for WindowsStandalone target not found
Refreshing native plugins compatible for Editor in 0.23 ms, found 0 plugins.
Preloading 0 native plugins for Editor in 0.00 ms.
Invoked RoslynAnalysisRunner static constructor.
RoslynAnalysisRunner will not be running.
RoslynAnalysisRunner has terminated.
Mono: successfully reloaded assembly
- Completed reload, in  1.190 seconds
Platform modules already initialized, skipping
Refreshing native plugins compatible for Editor in 0.24 ms, found 0 plugins.
Preloading 0 native plugins for Editor in 0.00 ms.
Unloading 1090 Unused Serialized files (Serialized files now loaded: 0)
System memory in use before: 63.7 MB.
System memory in use after: 63.8 MB.

Unloading 4 unused Assets to reduce memory usage. Loaded Objects now: 1606.
Total: 2.227600 ms (FindLiveObjects: 0.196000 ms CreateObjectMapping: 0.037900 ms MarkObjects: 1.974200 ms  DeleteObjects: 0.017800 ms)

========================================================================
Received Import Request.
  Time since last request: 247.721067 seconds.
  path: Assets/spring stretch.prefab
  artifactKey: Guid(5a07357ff697b844ea4a5fb3b012fe88) Importer(815301076,1909f56bfc062723c751e8b465ee728b)
Start importing Assets/spring stretch.prefab using Guid(5a07357ff697b844ea4a5fb3b012fe88) Importer(815301076,1909f56bfc062723c751e8b465ee728b)  -> (artifact id: 'a739303c645d2fb79a982fd9a46011e9') in 0.035444 seconds
  Import took 0.039185 seconds .

========================================================================
Received Prepare
Registering precompiled user dll's ...
Registered in 0.001173 seconds.
Begin MonoManager ReloadAssembly
Native extension for WindowsStandalone target not found
Refreshing native plugins compatible for Editor in 0.26 ms, found 0 plugins.
Preloading 0 native plugins for Editor in 0.00 ms.
Invoked RoslynAnalysisRunner static constructor.
RoslynAnalysisRunner will not be running.
RoslynAnalysisRunner has terminated.
Mono: successfully reloaded assembly
- Completed reload, in  1.205 seconds
Platform modules already initialized, skipping
Refreshing native plugins compatible for Editor in 0.24 ms, found 0 plugins.
Preloading 0 native plugins for Editor in 0.00 ms.
Unloading 1090 Unused Serialized files (Serialized files now loaded: 0)
System memory in use before: 63.7 MB.
System memory in use after: 63.8 MB.

Unloading 4 unused Assets to reduce memory usage. Loaded Objects now: 1608.
Total: 2.251700 ms (FindLiveObjects: 0.179000 ms CreateObjectMapping: 0.035700 ms MarkObjects: 2.017200 ms  DeleteObjects: 0.018000 ms)

========================================================================
Received Prepare
Registering precompiled user dll's ...
Registered in 0.001097 seconds.
Begin MonoManager ReloadAssembly
Native extension for WindowsStandalone target not found
Refreshing native plugins compatible for Editor in 0.31 ms, found 0 plugins.
Preloading 0 native plugins for Editor in 0.00 ms.
Invoked RoslynAnalysisRunner static constructor.
RoslynAnalysisRunner will not be running.
RoslynAnalysisRunner has terminated.
Mono: successfully reloaded assembly
- Completed reload, in  1.179 seconds
Platform modules already initialized, skipping
Refreshing native plugins compatible for Editor in 0.46 ms, found 0 plugins.
Preloading 0 native plugins for Editor in 0.00 ms.
Unloading 1090 Unused Serialized files (Serialized files now loaded: 0)
System memory in use before: 63.8 MB.
System memory in use after: 63.9 MB.

Unloading 4 unused Assets to reduce memory usage. Loaded Objects now: 1610.
Total: 25.408800 ms (FindLiveObjects: 0.683600 ms CreateObjectMapping: 0.688100 ms MarkObjects: 23.972200 ms  DeleteObjects: 0.058100 ms)

========================================================================
Received Import Request.
  Time since last request: 47.774301 seconds.
  path: Assets/spring bend.prefab
  artifactKey: Guid(ff542119bcc75c644b1f6fd635d02eee) Importer(815301076,1909f56bfc062723c751e8b465ee728b)
Start importing Assets/spring bend.prefab using Guid(ff542119bcc75c644b1f6fd635d02eee) Importer(815301076,1909f56bfc062723c751e8b465ee728b)  -> (artifact id: '60c38d36e97da25e536e480c0b4dc4b7') in 0.284894 seconds
  Import took 0.378852 seconds .

========================================================================
Received Prepare
Registering precompiled user dll's ...
Registered in 0.001115 seconds.
Begin MonoManager ReloadAssembly
Native extension for WindowsStandalone target not found
Refreshing native plugins compatible for Editor in 0.46 ms, found 0 plugins.
Preloading 0 native plugins for Editor in 0.00 ms.
Invoked RoslynAnalysisRunner static constructor.
RoslynAnalysisRunner will not be running.
RoslynAnalysisRunner has terminated.
Mono: successfully reloaded assembly
- Completed reload, in  1.192 seconds
Platform modules already initialized, skipping
Refreshing native plugins compatible for Editor in 1.50 ms, found 0 plugins.
Preloading 0 native plugins for Editor in 0.00 ms.
Unloading 1090 Unused Serialized files (Serialized files now loaded: 0)
System memory in use before: 63.9 MB.
System memory in use after: 64.0 MB.

Unloading 4 unused Assets to reduce memory usage. Loaded Objects now: 1612.
Total: 9.132900 ms (FindLiveObjects: 0.927900 ms CreateObjectMapping: 0.857500 ms MarkObjects: 7.319200 ms  DeleteObjects: 0.024400 ms)

========================================================================
Received Import Request.
  Time since last request: 154.116724 seconds.
  path: Assets/spring bend.prefab
  artifactKey: Guid(ff542119bcc75c644b1f6fd635d02eee) Importer(815301076,1909f56bfc062723c751e8b465ee728b)
Start importing Assets/spring bend.prefab using Guid(ff542119bcc75c644b1f6fd635d02eee) Importer(815301076,1909f56bfc062723c751e8b465ee728b)  -> (artifact id: '9b1ae4eab7ee3b91ff0e389d167c0103') in 0.146525 seconds
  Import took 0.152869 seconds .

========================================================================
Received Prepare
Registering precompiled user dll's ...
Registered in 0.001103 seconds.
Begin MonoManager ReloadAssembly
Native extension for WindowsStandalone target not found
Refreshing native plugins compatible for Editor in 0.35 ms, found 0 plugins.
Preloading 0 native plugins for Editor in 0.00 ms.
Invoked RoslynAnalysisRunner static constructor.
RoslynAnalysisRunner will not be running.
RoslynAnalysisRunner has terminated.
Mono: successfully reloaded assembly
- Completed reload, in  1.227 seconds
Platform modules already initialized, skipping
Refreshing native plugins compatible for Editor in 0.45 ms, found 0 plugins.
Preloading 0 native plugins for Editor in 0.00 ms.
Unloading 1090 Unused Serialized files (Serialized files now loaded: 0)
System memory in use before: 64.0 MB.
System memory in use after: 64.1 MB.

Unloading 4 unused Assets to reduce memory usage. Loaded Objects now: 1614.
Total: 2.010900 ms (FindLiveObjects: 0.182400 ms CreateObjectMapping: 0.034600 ms MarkObjects: 1.774700 ms  DeleteObjects: 0.017900 ms)

========================================================================
Received Prepare
Registering precompiled user dll's ...
Registered in 0.000951 seconds.
Begin MonoManager ReloadAssembly
Native extension for WindowsStandalone target not found
Refreshing native plugins compatible for Editor in 0.38 ms, found 0 plugins.
Preloading 0 native plugins for Editor in 0.00 ms.
Invoked RoslynAnalysisRunner static constructor.
RoslynAnalysisRunner will not be running.
RoslynAnalysisRunner has terminated.
Mono: successfully reloaded assembly
- Completed reload, in  1.341 seconds
Platform modules already initialized, skipping
Refreshing native plugins compatible for Editor in 0.23 ms, found 0 plugins.
Preloading 0 native plugins for Editor in 0.00 ms.
Unloading 1090 Unused Serialized files (Serialized files now loaded: 0)
System memory in use before: 64.1 MB.
System memory in use after: 64.2 MB.

Unloading 4 unused Assets to reduce memory usage. Loaded Objects now: 1616.
Total: 2.147900 ms (FindLiveObjects: 0.229600 ms CreateObjectMapping: 0.038200 ms MarkObjects: 1.860100 ms  DeleteObjects: 0.018000 ms)

